# JRE version: OpenJDK Runtime Environment (8.0_212-b04) (build 1.8.0_212-release-1586-b04)
# Java VM: OpenJDK 64-Bit Server VM (25.212-b04 mixed mode windows-amd64 compressed oops)
Heap:
 PSYoungGen      total 235520K, used 157704K [0x00000000e0000000, 0x00000000f4080000, 0x0000000100000000)
  eden space 188928K, 83% used [0x00000000e0000000,0x00000000e9a02388,0x00000000eb880000)
  from space 46592K, 0% used [0x00000000f1300000,0x00000000f1300000,0x00000000f4080000)
  to   space 69632K, 0% used [0x00000000eb880000,0x00000000eb880000,0x00000000efc80000)
 ParOldGen       total 207872K, used 42216K [0x00000000a0000000, 0x00000000acb00000, 0x00000000e0000000)
  object space 207872K, 20% used [0x00000000a0000000,0x00000000a293a2e0,0x00000000acb00000)
 Metaspace       used 93011K, capacity 99017K, committed 99112K, reserved 1134592K
  class space    used 12070K, capacity 13074K, committed 13096K, reserved 1048576K
GC Heap History (10 events):
Event: 9127.567 GC heap before
{Heap before GC invocations=28 (full 3):
 PSYoungGen      total 224768K, used 205703K [0x00000000e0000000, 0x00000000f1880000, 0x0000000100000000)
  eden space 178688K, 99% used [0x00000000e0000000,0x00000000eae7b9c0,0x00000000eae80000)
  from space 46080K, 58% used [0x00000000eeb80000,0x00000000f05e6408,0x00000000f1880000)
  to   space 54272K, 0% used [0x00000000eae80000,0x00000000eae80000,0x00000000ee380000)
 ParOldGen       total 141824K, used 78376K [0x00000000a0000000, 0x00000000a8a80000, 0x00000000e0000000)
  object space 141824K, 55% used [0x00000000a0000000,0x00000000a4c8a300,0x00000000a8a80000)
 Metaspace       used 92486K, capacity 98216K, committed 98344K, reserved 1134592K
  class space    used 12074K, capacity 13075K, committed 13096K, reserved 1048576K
Event: 9128.112 GC heap after
Heap after GC invocations=28 (full 3):
 PSYoungGen      total 232960K, used 54253K [0x00000000e0000000, 0x00000000f4100000, 0x0000000100000000)
  eden space 178688K, 0% used [0x00000000e0000000,0x00000000e0000000,0x00000000eae80000)
  from space 54272K, 99% used [0x00000000eae80000,0x00000000ee37b618,0x00000000ee380000)
  to   space 66048K, 0% used [0x00000000f0080000,0x00000000f0080000,0x00000000f4100000)
 ParOldGen       total 141824K, used 89834K [0x00000000a0000000, 0x00000000a8a80000, 0x00000000e0000000)
  object space 141824K, 63% used [0x00000000a0000000,0x00000000a57ba8d0,0x00000000a8a80000)
 Metaspace       used 92486K, capacity 98216K, committed 98344K, reserved 1134592K
  class space    used 12074K, capacity 13075K, committed 13096K, reserved 1048576K
}
Event: 9178.836 GC heap before
{Heap before GC invocations=29 (full 3):
 PSYoungGen      total 232960K, used 232941K [0x00000000e0000000, 0x00000000f4100000, 0x0000000100000000)
  eden space 178688K, 100% used [0x00000000e0000000,0x00000000eae80000,0x00000000eae80000)
  from space 54272K, 99% used [0x00000000eae80000,0x00000000ee37b618,0x00000000ee380000)
  to   space 66048K, 0% used [0x00000000f0080000,0x00000000f0080000,0x00000000f4100000)
 ParOldGen       total 141824K, used 89834K [0x00000000a0000000, 0x00000000a8a80000, 0x00000000e0000000)
  object space 141824K, 63% used [0x00000000a0000000,0x00000000a57ba8d0,0x00000000a8a80000)
 Metaspace       used 92552K, capacity 98280K, committed 98344K, reserved 1134592K
  class space    used 12074K, capacity 13075K, committed 13096K, reserved 1048576K
Event: 9179.298 GC heap after
Heap after GC invocations=29 (full 3):
 PSYoungGen      total 259584K, used 39034K [0x00000000e0000000, 0x00000000f3f80000, 0x0000000100000000)
  eden space 195072K, 0% used [0x00000000e0000000,0x00000000e0000000,0x00000000ebe80000)
  from space 64512K, 60% used [0x00000000f0080000,0x00000000f269eb10,0x00000000f3f80000)
  to   space 66048K, 0% used [0x00000000ebe80000,0x00000000ebe80000,0x00000000eff00000)
 ParOldGen       total 141824K, used 93020K [0x00000000a0000000, 0x00000000a8a80000, 0x00000000e0000000)
  object space 141824K, 65% used [0x00000000a0000000,0x00000000a5ad7390,0x00000000a8a80000)
 Metaspace       used 92552K, capacity 98280K, committed 98344K, reserved 1134592K
  class space    used 12074K, capacity 13075K, committed 13096K, reserved 1048576K
}
Event: 9324.869 GC heap before
{Heap before GC invocations=30 (full 3):
 PSYoungGen      total 259584K, used 234106K [0x00000000e0000000, 0x00000000f3f80000, 0x0000000100000000)
  eden space 195072K, 100% used [0x00000000e0000000,0x00000000ebe80000,0x00000000ebe80000)
  from space 64512K, 60% used [0x00000000f0080000,0x00000000f269eb10,0x00000000f3f80000)
  to   space 66048K, 0% used [0x00000000ebe80000,0x00000000ebe80000,0x00000000eff00000)
 ParOldGen       total 141824K, used 93020K [0x00000000a0000000, 0x00000000a8a80000, 0x00000000e0000000)
  object space 141824K, 65% used [0x00000000a0000000,0x00000000a5ad7390,0x00000000a8a80000)
 Metaspace       used 92755K, capacity 98496K, committed 98600K, reserved 1134592K
  class space    used 12076K, capacity 13077K, committed 13096K, reserved 1048576K
Event: 9325.164 GC heap after
Heap after GC invocations=30 (full 3):
 PSYoungGen      total 261120K, used 55663K [0x00000000e0000000, 0x00000000f5900000, 0x0000000100000000)
  eden space 195072K, 0% used [0x00000000e0000000,0x00000000e0000000,0x00000000ebe80000)
  from space 66048K, 84% used [0x00000000ebe80000,0x00000000ef4dbfa8,0x00000000eff00000)
  to   space 71680K, 0% used [0x00000000f1300000,0x00000000f1300000,0x00000000f5900000)
 ParOldGen       total 141824K, used 93028K [0x00000000a0000000, 0x00000000a8a80000, 0x00000000e0000000)
  object space 141824K, 65% used [0x00000000a0000000,0x00000000a5ad9390,0x00000000a8a80000)
 Metaspace       used 92755K, capacity 98496K, committed 98600K, reserved 1134592K
  class space    used 12076K, capacity 13077K, committed 13096K, reserved 1048576K
}
Event: 9826.191 GC heap before
{Heap before GC invocations=31 (full 3):
 PSYoungGen      total 261120K, used 207463K [0x00000000e0000000, 0x00000000f5900000, 0x0000000100000000)
  eden space 195072K, 77% used [0x00000000e0000000,0x00000000e943dde0,0x00000000ebe80000)
  from space 66048K, 84% used [0x00000000ebe80000,0x00000000ef4dbfa8,0x00000000eff00000)
  to   space 71680K, 0% used [0x00000000f1300000,0x00000000f1300000,0x00000000f5900000)
 ParOldGen       total 141824K, used 93028K [0x00000000a0000000, 0x00000000a8a80000, 0x00000000e0000000)
  object space 141824K, 65% used [0x00000000a0000000,0x00000000a5ad9390,0x00000000a8a80000)
 Metaspace       used 92815K, capacity 98596K, committed 98600K, reserved 1134592K
  class space    used 12084K, capacity 13093K, committed 13096K, reserved 1048576K
Event: 9826.255 GC heap after
Heap after GC invocations=31 (full 3):
 PSYoungGen      total 235520K, used 38234K [0x00000000e0000000, 0x00000000f4080000, 0x0000000100000000)
  eden space 188928K, 0% used [0x00000000e0000000,0x00000000e0000000,0x00000000eb880000)
  from space 46592K, 82% used [0x00000000f1300000,0x00000000f3856a90,0x00000000f4080000)
  to   space 69632K, 0% used [0x00000000eb880000,0x00000000eb880000,0x00000000efc80000)
 ParOldGen       total 141824K, used 93036K [0x00000000a0000000, 0x00000000a8a80000, 0x00000000e0000000)
  object space 141824K, 65% used [0x00000000a0000000,0x00000000a5adb390,0x00000000a8a80000)
 Metaspace       used 92815K, capacity 98596K, committed 98600K, reserved 1134592K
  class space    used 12084K, capacity 13093K, committed 13096K, reserved 1048576K
}
Event: 9826.255 GC heap before
{Heap before GC invocations=32 (full 4):
 PSYoungGen      total 235520K, used 38234K [0x00000000e0000000, 0x00000000f4080000, 0x0000000100000000)
  eden space 188928K, 0% used [0x00000000e0000000,0x00000000e0000000,0x00000000eb880000)
  from space 46592K, 82% used [0x00000000f1300000,0x00000000f3856a90,0x00000000f4080000)
  to   space 69632K, 0% used [0x00000000eb880000,0x00000000eb880000,0x00000000efc80000)
 ParOldGen       total 141824K, used 93036K [0x00000000a0000000, 0x00000000a8a80000, 0x00000000e0000000)
  object space 141824K, 65% used [0x00000000a0000000,0x00000000a5adb390,0x00000000a8a80000)
 Metaspace       used 92815K, capacity 98596K, committed 98600K, reserved 1134592K
  class space    used 12084K, capacity 13093K, committed 13096K, reserved 1048576K
Event: 9846.497 GC heap after
Heap after GC invocations=32 (full 4):
 PSYoungGen      total 235520K, used 0K [0x00000000e0000000, 0x00000000f4080000, 0x0000000100000000)
  eden space 188928K, 0% used [0x00000000e0000000,0x00000000e0000000,0x00000000eb880000)
  from space 46592K, 0% used [0x00000000f1300000,0x00000000f1300000,0x00000000f4080000)
  to   space 69632K, 0% used [0x00000000eb880000,0x00000000eb880000,0x00000000efc80000)
 ParOldGen       total 207872K, used 42216K [0x00000000a0000000, 0x00000000acb00000, 0x00000000e0000000)
  object space 207872K, 20% used [0x00000000a0000000,0x00000000a293a2e0,0x00000000acb00000)
 Metaspace       used 91976K, capacity 96637K, committed 98600K, reserved 1134592K
  class space    used 11861K, capacity 12690K, committed 13096K, reserved 1048576K
}

